java.net.preferIPv4Stack=true
Considering library net.minecraftforge:forge:1.12.2-14.23.5.2847: Not Downloading {Wrong Side}
Considering library net.minecraft:launchwrapper:1.12
Downloading library net.minecraft:launchwrapper:1.12
Trying unpacked library net.minecraft:launchwrapper:1.12
Considering library org.ow2.asm:asm-all:5.2
Downloading library org.ow2.asm:asm-all:5.2
Trying unpacked library org.ow2.asm:asm-all:5.2
Considering library org.jline:jline:3.5.1
Downloading library org.jline:jline:3.5.1
Trying unpacked library org.jline:jline:3.5.1
Considering library net.java.dev.jna:jna:4.4.0
Downloading library net.java.dev.jna:jna:4.4.0
Trying unpacked library net.java.dev.jna:jna:4.4.0
Considering library com.typesafe.akka:akka-actor_2.11:2.3.3
Downloading library com.typesafe.akka:akka-actor_2.11:2.3.3
Trying unpacked library com.typesafe.akka:akka-actor_2.11:2.3.3
Considering library com.typesafe:config:1.2.1
Downloading library com.typesafe:config:1.2.1
Trying unpacked library com.typesafe:config:1.2.1
Considering library org.scala-lang:scala-actors-migration_2.11:1.1.0
Downloading library org.scala-lang:scala-actors-migration_2.11:1.1.0
Trying unpacked library org.scala-lang:scala-actors-migration_2.11:1.1.0
Considering library org.scala-lang:scala-compiler:2.11.1
Downloading library org.scala-lang:scala-compiler:2.11.1
Trying unpacked library org.scala-lang:scala-compiler:2.11.1
Considering library org.scala-lang.plugins:scala-continuations-library_2.11:1.0.2
Downloading library org.scala-lang.plugins:scala-continuations-library_2.11:1.0.2
Trying unpacked library org.scala-lang.plugins:scala-continuations-library_2.11:1.0.2
Considering library org.scala-lang.plugins:scala-continuations-plugin_2.11.1:1.0.2
Downloading library org.scala-lang.plugins:scala-continuations-plugin_2.11.1:1.0.2
Trying unpacked library org.scala-lang.plugins:scala-continuations-plugin_2.11.1:1.0.2
Considering library org.scala-lang:scala-library:2.11.1
Downloading library org.scala-lang:scala-library:2.11.1
Trying unpacked library org.scala-lang:scala-library:2.11.1
Considering library org.scala-lang:scala-parser-combinators_2.11:1.0.1
Downloading library org.scala-lang:scala-parser-combinators_2.11:1.0.1
Trying unpacked library org.scala-lang:scala-parser-combinators_2.11:1.0.1
Considering library org.scala-lang:scala-reflect:2.11.1
Downloading library org.scala-lang:scala-reflect:2.11.1
Trying unpacked library org.scala-lang:scala-reflect:2.11.1
Considering library org.scala-lang:scala-swing_2.11:1.0.1
Downloading library org.scala-lang:scala-swing_2.11:1.0.1
Trying unpacked library org.scala-lang:scala-swing_2.11:1.0.1
Considering library org.scala-lang:scala-xml_2.11:1.0.2
Downloading library org.scala-lang:scala-xml_2.11:1.0.2
Trying unpacked library org.scala-lang:scala-xml_2.11:1.0.2
Considering library lzma:lzma:0.0.1
Downloading library lzma:lzma:0.0.1
Trying unpacked library lzma:lzma:0.0.1
Considering library net.sf.jopt-simple:jopt-simple:5.0.3
Downloading library net.sf.jopt-simple:jopt-simple:5.0.3
Trying unpacked library net.sf.jopt-simple:jopt-simple:5.0.3
Considering library java3d:vecmath:1.5.2
Downloading library java3d:vecmath:1.5.2
Trying unpacked library java3d:vecmath:1.5.2
Considering library net.sf.trove4j:trove4j:3.0.3
Downloading library net.sf.trove4j:trove4j:3.0.3
Trying unpacked library net.sf.trove4j:trove4j:3.0.3
Considering library org.apache.maven:maven-artifact:3.5.3
Downloading library org.apache.maven:maven-artifact:3.5.3
Trying unpacked library org.apache.maven:maven-artifact:3.5.3
Extracting: /forge-1.12.2-14.23.5.2847-universal.jar
To:          E:\Área de Trabalho\server RN\forge-1.12.2-14.23.5.2847-universal.jar
